[    0.000000] Linux version 4.15.0-193-generic (buildd@lcy02-amd64-022) (gcc version 7.5.0 (Ubuntu 7.5.0-3ubuntu1~18.04)) #204-Ubuntu SMP Fri Aug 26 19:20:21 UTC 2022 (Ubuntu 4.15.0-193.204-generic 4.15.18)
[    0.000000] Command line: BOOT_IMAGE=/boot/vmlinuz-4.15.0-193-generic root=LABEL=cloudimg-rootfs ro console=tty1 console=ttyS0
[    0.000000] KERNEL supported cpus:
[    0.000000]   Intel GenuineIntel
[    0.000000]   AMD AuthenticAMD
[    0.000000]   Centaur CentaurHauls
[    0.000000] x86/fpu: Supporting XSAVE feature 0x001: 'x87 floating point registers'
[    0.000000] x86/fpu: Supporting XSAVE feature 0x002: 'SSE registers'
[    0.000000] x86/fpu: Supporting XSAVE feature 0x004: 'AVX registers'
[    0.000000] x86/fpu: xstate_offset[2]:  576, xstate_sizes[2]:  256
[    0.000000] x86/fpu: Enabled xstate features 0x7, context size is 832 bytes, using 'standard' format.
[    0.000000] e820: BIOS-provided physical RAM map:
[    0.000000] BIOS-e820: [mem 0x0000000000000000-0x000000000009fbff] usable
[    0.000000] BIOS-e820: [mem 0x000000000009fc00-0x000000000009ffff] reserved
[    0.000000] BIOS-e820: [mem 0x00000000000f0000-0x00000000000fffff] reserved
[    0.000000] BIOS-e820: [mem 0x0000000000100000-0x00000000c7feffff] usable
[    0.000000] BIOS-e820: [mem 0x00000000c7ff0000-0x00000000c7ffffff] ACPI data
[    0.000000] BIOS-e820: [mem 0x00000000fec00000-0x00000000fec00fff] reserved
[    0.000000] BIOS-e820: [mem 0x00000000fee00000-0x00000000fee00fff] reserved
[    0.000000] BIOS-e820: [mem 0x00000000fffc0000-0x00000000ffffffff] reserved
[    0.000000] NX (Execute Disable) protection: active
[    0.000000] SMBIOS 2.5 present.
[    0.000000] DMI: innotek GmbH VirtualBox/VirtualBox, BIOS VirtualBox 12/01/2006
[    0.000000] Hypervisor detected: KVM
[    0.000000] e820: last_pfn = 0xc7ff0 max_arch_pfn = 0x400000000
[    0.000000] MTRR: Disabled
[    0.000000] x86/PAT: MTRRs disabled, skipping PAT initialization too.
[    0.000000] CPU MTRRs all blank - virtualized system.
[    0.000000] x86/PAT: Configuration [0-7]: WB  WT  UC- UC  WB  WT  UC- UC  
[    0.000000] found SMP MP-table at [mem 0x0009fff0-0x0009ffff]
[    0.000000] Scanning 1 areas for low memory corruption
[    0.000000] RAMDISK: [mem 0x359cb000-0x36cdcfff]
[    0.000000] ACPI: Early table checksum verification disabled
[    0.000000] ACPI: RSDP 0x00000000000E0000 000024 (v02 VBOX  )
[    0.000000] ACPI: XSDT 0x00000000C7FF0030 00003C (v01 VBOX   VBOXXSDT 00000001 ASL  00000061)
[    0.000000] ACPI: FACP 0x00000000C7FF00F0 0000F4 (v04 VBOX   VBOXFACP 00000001 ASL  00000061)
[    0.000000] ACPI: DSDT 0x00000000C7FF0470 002325 (v02 VBOX   VBOXBIOS 00000002 INTL 20120111)
[    0.000000] ACPI: FACS 0x00000000C7FF0200 000040
[    0.000000] ACPI: FACS 0x00000000C7FF0200 000040
[    0.000000] ACPI: APIC 0x00000000C7FF0240 00005C (v02 VBOX   VBOXAPIC 00000001 ASL  00000061)
[    0.000000] ACPI: SSDT 0x00000000C7FF02A0 0001CC (v01 VBOX   VBOXCPUT 00000002 INTL 20120111)
[    0.000000] ACPI: Reserving FACP table memory at [mem 0xc7ff00f0-0xc7ff01e3]
[    0.000000] ACPI: Reserving DSDT table memory at [mem 0xc7ff0470-0xc7ff2794]
[    0.000000] ACPI: Reserving FACS table memory at [mem 0xc7ff0200-0xc7ff023f]
[    0.000000] ACPI: Reserving FACS table memory at [mem 0xc7ff0200-0xc7ff023f]
[    0.000000] ACPI: Reserving APIC table memory at [mem 0xc7ff0240-0xc7ff029b]
[    0.000000] ACPI: Reserving SSDT table memory at [mem 0xc7ff02a0-0xc7ff046b]
[    0.000000] No NUMA configuration found
[    0.000000] Faking a node at [mem 0x0000000000000000-0x00000000c7feffff]
[    0.000000] NODE_DATA(0) allocated [mem 0xc7fc5000-0xc7feffff]
[    0.000000] kvm-clock: cpu 0, msr 0:c7f44001, primary cpu clock
[    0.000000] kvm-clock: Using msrs 4b564d01 and 4b564d00
[    0.000000] kvm-clock: using sched offset of 4511461168 cycles
[    0.000000] clocksource: kvm-clock: mask: 0xffffffffffffffff max_cycles: 0x1cd42e4dffb, max_idle_ns: 881590591483 ns
[    0.000000] Zone ranges:
[    0.000000]   DMA      [mem 0x0000000000001000-0x0000000000ffffff]
[    0.000000]   DMA32    [mem 0x0000000001000000-0x00000000c7feffff]
[    0.000000]   Normal   empty
[    0.000000]   Device   empty
[    0.000000] Movable zone start for each node
[    0.000000] Early memory node ranges
[    0.000000]   node   0: [mem 0x0000000000001000-0x000000000009efff]
[    0.000000]   node   0: [mem 0x0000000000100000-0x00000000c7feffff]
[    0.000000] Reserved but unavailable: 104 pages
[    0.000000] Initmem setup node 0 [mem 0x0000000000001000-0x00000000c7feffff]
[    0.000000] ACPI: PM-Timer IO Port: 0x4008
[    0.000000] IOAPIC[0]: apic_id 2, version 32, address 0xfec00000, GSI 0-23
[    0.000000] ACPI: INT_SRC_OVR (bus 0 bus_irq 0 global_irq 2 dfl dfl)
[    0.000000] ACPI: INT_SRC_OVR (bus 0 bus_irq 9 global_irq 9 low level)
[    0.000000] Using ACPI (MADT) for SMP configuration information
[    0.000000] smpboot: Allowing 2 CPUs, 0 hotplug CPUs
[    0.000000] PM: Registered nosave memory: [mem 0x00000000-0x00000fff]
[    0.000000] PM: Registered nosave memory: [mem 0x0009f000-0x0009ffff]
[    0.000000] PM: Registered nosave memory: [mem 0x000a0000-0x000effff]
[    0.000000] PM: Registered nosave memory: [mem 0x000f0000-0x000fffff]
[    0.000000] e820: [mem 0xc8000000-0xfebfffff] available for PCI devices
[    0.000000] Booting paravirtualized kernel on KVM
[    0.000000] clocksource: refined-jiffies: mask: 0xffffffff max_cycles: 0xffffffff, max_idle_ns: 7645519600211568 ns
[    0.000000] random: get_random_bytes called from start_kernel+0x99/0x500 with crng_init=0
[    0.000000] setup_percpu: NR_CPUS:8192 nr_cpumask_bits:2 nr_cpu_ids:2 nr_node_ids:1
[    0.000000] percpu: Embedded 50 pages/cpu s167936 r8192 d28672 u1048576
[    0.000000] PV qspinlock hash table entries: 256 (order: 0, 4096 bytes)
[    0.000000] Built 1 zonelists, mobility grouping on.  Total pages: 806265
[    0.000000] Policy zone: DMA32
[    0.000000] Kernel command line: BOOT_IMAGE=/boot/vmlinuz-4.15.0-193-generic root=LABEL=cloudimg-rootfs ro console=tty1 console=ttyS0
[    0.000000] Memory: 3176056K/3276344K available (12300K kernel code, 2484K rwdata, 4324K rodata, 2468K init, 2724K bss, 100288K reserved, 0K cma-reserved)
[    0.000000] SLUB: HWalign=64, Order=0-3, MinObjects=0, CPUs=2, Nodes=1
[    0.000000] Kernel/User page tables isolation: enabled
[    0.000000] ftrace: allocating 39483 entries in 155 pages
[    0.004000] Hierarchical RCU implementation.
[    0.004000] 	RCU restricting CPUs from NR_CPUS=8192 to nr_cpu_ids=2.
[    0.004000] 	Tasks RCU enabled.
[    0.004000] RCU: Adjusting geometry for rcu_fanout_leaf=16, nr_cpu_ids=2
[    0.004000] NR_IRQS: 524544, nr_irqs: 440, preallocated irqs: 16
[    0.004000] Console: colour VGA+ 80x25
[    0.004000] console [tty1] enabled
[    0.004000] console [ttyS0] enabled
[    0.004000] ACPI: Core revision 20170831
[    0.004000] ACPI: 2 ACPI AML tables successfully acquired and loaded
[    0.004000] APIC: Switch to symmetric I/O mode setup
[    0.004000] x2apic enabled
[    0.004000] Switched APIC routing to physical x2apic.
[    0.004000] ..TIMER: vector=0x30 apic1=0 pin1=2 apic2=-1 pin2=-1
[    0.004009] tsc: Detected 1996.799 MHz processor
[    0.008013] Calibrating delay loop (skipped) preset value.. 3993.59 BogoMIPS (lpj=7987196)
[    0.010236] pid_max: default: 32768 minimum: 301
[    0.012044] Security Framework initialized
[    0.013169] Yama: becoming mindful.
[    0.014126] AppArmor: AppArmor initialized
[    0.016126] Dentry cache hash table entries: 524288 (order: 10, 4194304 bytes)
[    0.020178] Inode-cache hash table entries: 262144 (order: 9, 2097152 bytes)
[    0.022323] Mount-cache hash table entries: 8192 (order: 4, 65536 bytes)
[    0.024018] Mountpoint-cache hash table entries: 8192 (order: 4, 65536 bytes)
[    0.026566] Last level iTLB entries: 4KB 0, 2MB 0, 4MB 0
[    0.028007] Last level dTLB entries: 4KB 0, 2MB 0, 4MB 0, 1GB 0
[    0.029770] Spectre V1 : Mitigation: usercopy/swapgs barriers and __user pointer sanitization
[    0.032007] Spectre V2 : Mitigation: Retpolines
[    0.033258] Spectre V2 : Spectre v2 / SpectreRSB mitigation: Filling RSB on context switch
[    0.036006] Speculative Store Bypass: Vulnerable
[    0.037827] MDS: Mitigation: Clear CPU buffers
[    0.040005] MMIO Stale Data: Mitigation: Clear CPU buffers
[    0.041460] SRBDS: Unknown: Dependent on hypervisor status
[    0.043309] Freeing SMP alternatives memory: 36K
[    0.156425] smpboot: CPU0: Intel(R) Core(TM) i5-1038NG7 CPU @ 2.00GHz (family: 0x6, model: 0x7e, stepping: 0x5)
[    0.160000] Performance Events: unsupported p6 CPU model 126 no PMU driver, software events only.
[    0.160069] Hierarchical SRCU implementation.
[    0.165434] NMI watchdog: Perf event create on CPU 0 failed with -2
[    0.168008] NMI watchdog: Perf NMI watchdog permanently disabled
[    0.170692] smp: Bringing up secondary CPUs ...
[    0.174282] x86: Booting SMP configuration:
[    0.176007] .... node  #0, CPUs:      #1
[    0.004000] kvm-clock: cpu 1, msr 0:c7f44041, secondary cpu clock
[    0.183601] smp: Brought up 1 node, 2 CPUs
[    0.184011] smpboot: Max logical packages: 1
[    0.186467] smpboot: Total of 2 processors activated (7987.19 BogoMIPS)
[    0.188294] devtmpfs: initialized
[    0.192087] x86/mm: Memory block size: 128MB
[    0.194471] evm: security.selinux
[    0.196005] evm: security.SMACK64
[    0.197280] evm: security.SMACK64EXEC
[    0.198447] evm: security.SMACK64TRANSMUTE
[    0.200004] evm: security.SMACK64MMAP
[    0.201133] evm: security.apparmor
[    0.202291] evm: security.ima
[    0.204004] evm: security.capability
[    0.205747] clocksource: jiffies: mask: 0xffffffff max_cycles: 0xffffffff, max_idle_ns: 7645041785100000 ns
[    0.208033] futex hash table entries: 512 (order: 3, 32768 bytes)
[    0.210449] pinctrl core: initialized pinctrl subsystem
[    0.212178] RTC time: 15:11:47, date: 11/27/22
[    0.213776] NET: Registered protocol family 16
[    0.216120] audit: initializing netlink subsys (disabled)
[    0.217707] audit: type=2000 audit(1669561913.260:1): state=initialized audit_enabled=0 res=1
[    0.220050] cpuidle: using governor ladder
[    0.221515] cpuidle: using governor menu
[    0.224105] ACPI: bus type PCI registered
[    0.225865] acpiphp: ACPI Hot Plug PCI Controller Driver version: 0.5
[    0.228320] PCI: Using configuration type 1 for base access
[    0.234172] HugeTLB registered 2.00 MiB page size, pre-allocated 0 pages
[    0.236100] ACPI: Added _OSI(Module Device)
[    0.237376] ACPI: Added _OSI(Processor Device)
[    0.240006] ACPI: Added _OSI(3.0 _SCP Extensions)
[    0.241488] ACPI: Added _OSI(Processor Aggregator Device)
[    0.244013] ACPI: Added _OSI(Linux-Dell-Video)
[    0.245188] ACPI: Added _OSI(Linux-Lenovo-NV-HDMI-Audio)
[    0.246570] ACPI: Added _OSI(Linux-HPI-Hybrid-Graphics)
[    0.248444] ACPI: Executed 1 blocks of module-level executable AML code
[    0.254006] ACPI: Interpreter enabled
[    0.255109] ACPI: (supports S0 S5)
[    0.256000] ACPI: Using IOAPIC for interrupt routing
[    0.256270] PCI: Using host bridge windows from ACPI; if necessary, use "pci=nocrs" and report a bug
[    0.258885] ACPI: Enabled 2 GPEs in block 00 to 07
[    0.269236] ACPI: PCI Root Bridge [PCI0] (domain 0000 [bus 00-ff])
[    0.270886] acpi PNP0A03:00: _OSC: OS supports [ASPM ClockPM Segments MSI]
[    0.272631] acpi PNP0A03:00: _OSC: not requesting OS control; OS requires [ExtendedConfig ASPM ClockPM MSI]
[    0.276020] acpi PNP0A03:00: fail to add MMCONFIG information, can't access extended PCI configuration space under this bridge.
[    0.280618] PCI host bridge to bus 0000:00
[    0.281719] pci_bus 0000:00: root bus resource [io  0x0000-0x0cf7 window]
[    0.283429] pci_bus 0000:00: root bus resource [io  0x0d00-0xffff window]
[    0.284009] pci_bus 0000:00: root bus resource [mem 0x000a0000-0x000bffff window]
[    0.288004] pci_bus 0000:00: root bus resource [mem 0xc8000000-0xfdffffff window]
[    0.289961] pci_bus 0000:00: root bus resource [bus 00-ff]
[    0.295116] pci 0000:00:01.1: legacy IDE quirk: reg 0x10: [io  0x01f0-0x01f7]
[    0.296013] pci 0000:00:01.1: legacy IDE quirk: reg 0x14: [io  0x03f6]
[    0.300008] pci 0000:00:01.1: legacy IDE quirk: reg 0x18: [io  0x0170-0x0177]
[    0.301998] pci 0000:00:01.1: legacy IDE quirk: reg 0x1c: [io  0x0376]
[    0.338909] pci 0000:00:07.0: quirk: [io  0x4000-0x403f] claimed by PIIX4 ACPI
[    0.340034] pci 0000:00:07.0: quirk: [io  0x4100-0x410f] claimed by PIIX4 SMB
[    0.366862] ACPI: PCI Interrupt Link [LNKA] (IRQs 5 9 10 *11)
[    0.368426] ACPI: PCI Interrupt Link [LNKB] (IRQs 5 9 *10 11)
[    0.372410] ACPI: PCI Interrupt Link [LNKC] (IRQs 5 *9 10 11)
[    0.376495] ACPI: PCI Interrupt Link [LNKD] (IRQs 5 9 10 *11)
[    0.380146] SCSI subsystem initialized
[    0.384100] pci 0000:00:02.0: vgaarb: setting as boot VGA device
[    0.386579] pci 0000:00:02.0: vgaarb: VGA device added: decodes=io+mem,owns=io+mem,locks=none
[    0.388015] pci 0000:00:02.0: vgaarb: bridge control possible
[    0.392006] vgaarb: loaded
[    0.393300] ACPI: bus type USB registered
[    0.396062] usbcore: registered new interface driver usbfs
[    0.398129] usbcore: registered new interface driver hub
[    0.400036] usbcore: registered new device driver usb
[    0.402274] EDAC MC: Ver: 3.0.0
[    0.404475] PCI: Using ACPI for IRQ routing
[    0.406186] NetLabel: Initializing
[    0.408004] NetLabel:  domain hash size = 128
[    0.409355] NetLabel:  protocols = UNLABELED CIPSOv4 CALIPSO
[    0.412039] NetLabel:  unlabeled traffic allowed by default
[    0.413559] clocksource: Switched to clocksource kvm-clock
[    0.430137] VFS: Disk quotas dquot_6.6.0
[    0.431650] VFS: Dquot-cache hash table entries: 512 (order 0, 4096 bytes)
[    0.434148] AppArmor: AppArmor Filesystem Enabled
[    0.435920] pnp: PnP ACPI init
[    0.438516] pnp: PnP ACPI: found 3 devices
[    0.449529] clocksource: acpi_pm: mask: 0xffffff max_cycles: 0xffffff, max_idle_ns: 2085701024 ns
[    0.452113] NET: Registered protocol family 2
[    0.453563] IP idents hash table entries: 65536 (order: 7, 524288 bytes)
[    0.455816] TCP established hash table entries: 32768 (order: 6, 262144 bytes)
[    0.458559] TCP bind hash table entries: 32768 (order: 7, 524288 bytes)
[    0.460678] TCP: Hash tables configured (established 32768 bind 32768)
[    0.464819] UDP hash table entries: 2048 (order: 4, 65536 bytes)
[    0.467243] UDP-Lite hash table entries: 2048 (order: 4, 65536 bytes)
[    0.469854] NET: Registered protocol family 1
[    0.471367] pci 0000:00:00.0: Limiting direct PCI/PCI transfers
[    0.473215] pci 0000:00:01.0: Activating ISA DMA hang workarounds
[    0.475158] pci 0000:00:02.0: Video device with shadowed ROM at [mem 0x000c0000-0x000dffff]
[    0.477669] Unpacking initramfs...
[    0.868612] Freeing initrd memory: 19528K
[    0.870019] clocksource: tsc: mask: 0xffffffffffffffff max_cycles: 0x3990bc5adef, max_idle_ns: 881590438240 ns
[    0.873607] platform rtc_cmos: registered platform RTC device (no PNP device found)
[    0.876760] Scanning for low memory corruption every 60 seconds
[    0.879828] Initialise system trusted keyrings
[    0.881395] Key type blacklist registered
[    0.882750] workingset: timestamp_bits=36 max_order=20 bucket_order=0
[    0.885829] zbud: loaded
[    0.888897] squashfs: version 4.0 (2009/01/31) Phillip Lougher
[    0.891239] fuse init (API version 7.26)
[    0.894263] Key type asymmetric registered
[    0.895367] Asymmetric key parser 'x509' registered
[    0.896718] Block layer SCSI generic (bsg) driver version 0.4 loaded (major 246)
[    0.898928] io scheduler noop registered
[    0.900074] io scheduler deadline registered
[    0.901615] io scheduler cfq registered (default)
[    0.903831] ACPI: AC Adapter [AC] (on-line)
[    0.905129] input: Power Button as /devices/LNXSYSTM:00/LNXPWRBN:00/input/input0
[    0.907139] ACPI: Power Button [PWRF]
[    0.908246] input: Sleep Button as /devices/LNXSYSTM:00/LNXSLPBN:00/input/input1
[    0.910229] ACPI: Sleep Button [SLPF]
[    0.912319] Serial: 8250/16550 driver, 32 ports, IRQ sharing enabled
[    0.913448] ACPI: Battery Slot [BAT0] (battery present)
[    0.936256] 00:02: ttyS0 at I/O 0x3f8 (irq = 4, base_baud = 115200) is a 16550A
[    0.939983] Linux agpgart interface v0.103
[    0.942834] loop: module loaded
[    0.945121] scsi host0: ata_piix
[    0.946470] scsi host1: ata_piix
[    0.947514] ata1: PATA max UDMA/33 cmd 0x1f0 ctl 0x3f6 bmdma 0xd000 irq 14
[    0.949312] ata2: PATA max UDMA/33 cmd 0x170 ctl 0x376 bmdma 0xd008 irq 15
[    0.951662] tun: Universal TUN/TAP device driver, 1.6
[    0.953378] PPP generic driver version 2.4.2
[    0.954622] ehci_hcd: USB 2.0 'Enhanced' Host Controller (EHCI) Driver
[    0.956620] ehci-pci: EHCI PCI platform driver
[    0.957826] ehci-platform: EHCI generic platform driver
[    0.959205] ohci_hcd: USB 1.1 'Open' Host Controller (OHCI) Driver
[    0.960843] ohci-pci: OHCI PCI platform driver
[    0.962230] ohci-platform: OHCI generic platform driver
[    0.963605] uhci_hcd: USB Universal Host Controller Interface driver
[    0.965324] i8042: PNP: PS/2 Controller [PNP0303:PS2K,PNP0f03:PS2M] at 0x60,0x64 irq 1,12
[    0.968262] serio: i8042 KBD port at 0x60,0x64 irq 1
[    0.969686] serio: i8042 AUX port at 0x60,0x64 irq 12
[    0.971157] mousedev: PS/2 mouse device common for all mice
[    0.973259] input: AT Translated Set 2 keyboard as /devices/platform/i8042/serio0/input/input2
[    0.976464] rtc_cmos rtc_cmos: rtc core: registered rtc_cmos as rtc0
[    0.978424] rtc_cmos rtc_cmos: alarms up to one day, 114 bytes nvram
[    0.980069] i2c /dev entries driver
[    0.981203] device-mapper: uevent: version 1.0.3
[    0.982578] device-mapper: ioctl: 4.37.0-ioctl (2017-09-20) initialised: dm-devel@redhat.com
[    0.984895] ledtrig-cpu: registered to indicate activity on CPUs
[    0.986966] NET: Registered protocol family 10
[    0.993800] Segment Routing with IPv6
[    0.994902] NET: Registered protocol family 17
[    0.996461] Key type dns_resolver registered
[    0.997938] mce: Using 0 MCE banks
[    0.998917] RAS: Correctable Errors collector initialized.
[    1.000425] sched_clock: Marking stable (1000386540, 0)->(1301718581, -301332041)
[    1.002942] registered taskstats version 1
[    1.004059] Loading compiled-in X.509 certificates
[    1.007998] Loaded X.509 cert 'Build time autogenerated kernel key: b9e621348ccbcfe28d0c51e4c3b595dc856bdd44'
[    1.011356] Loaded X.509 cert 'Canonical Ltd. Live Patch Signing: 14df34d1a87cf37625abec039ef2bf521249b969'
[    1.014790] Loaded X.509 cert 'Canonical Ltd. Kernel Module Signing: 88f752e560a1e0737e31163a466ad7b70a850c19'
[    1.017429] blacklist: Loading compiled-in revocation X.509 certificates
[    1.019204] Loaded X.509 cert 'Canonical Ltd. Secure Boot Signing: 61482aa2830d0ab2ad5af10b7250da9033ddcef0'
[    1.022299] zswap: loaded using pool lzo/zbud
[    1.027768] Key type big_key registered
[    1.028968] Key type trusted registered
[    1.032361] Key type encrypted registered
[    1.033483] AppArmor: AppArmor sha1 policy hashing enabled
[    1.034932] ima: No TPM chip found, activating TPM-bypass! (rc=-19)
[    1.036661] ima: Allocated hash algorithm: sha1
[    1.038233] evm: HMAC attrs: 0x1
[    1.039634]   Magic number: 14:268:185
[    1.040930] rtc_cmos rtc_cmos: setting system clock to 2022-11-27 15:11:47 UTC (1669561907)
[    1.043541] BIOS EDD facility v0.16 2004-Jun-25, 0 devices found
[    1.045407] EDD information not available.
[    1.143670] Freeing unused kernel image memory: 2468K
[    1.156438] Write protecting the kernel read-only data: 20480k
[    1.159425] Freeing unused kernel image memory: 2008K
[    1.161327] Freeing unused kernel image memory: 1820K
[    1.168924] x86/mm: Checked W+X mappings: passed, no W+X pages found.
[    1.171211] x86/mm: Checking user space page tables
[    1.179105] x86/mm: Checked W+X mappings: passed, no W+X pages found.
Loading, please wait...
starting version 237
[    1.255174] e1000: Intel(R) PRO/1000 Network Driver - version 7.3.21-k8-NAPI
[    1.257951] e1000: Copyright (c) 1999-2006 Intel Corporation.
[    1.266754] Fusion MPT base driver 3.04.20
[    1.267954] Copyright (c) 1999-2008 LSI Corporation
[    1.278538] Fusion MPT SPI Host driver 3.04.20
[    1.287996] AVX2 version of gcm_enc/dec engaged.
[    1.290829] AES CTR mode by8 optimization enabled
[    1.293313] mptbase: ioc0: Initiating bringup
[    2.141858] input: ImExPS/2 Generic Explorer Mouse as /devices/platform/i8042/serio1/input/input4
[    2.176455] ioc0: LSI53C1030 A0: Capabilities={Initiator}
[    2.420299] scsi host2: ioc0: LSI53C1030 A0, FwRev=00000000h, Ports=1, MaxQ=256, IRQ=20
[    2.588911] scsi 2:0:0:0: Direct-Access     VBOX     HARDDISK         1.0  PQ: 0 ANSI: 5
[    2.620207] scsi target2:0:0: Beginning Domain Validation
[    2.623663] scsi target2:0:0: Domain Validation skipping write tests
[    2.625453] scsi target2:0:0: Ending Domain Validation
[    2.627059] scsi target2:0:0: asynchronous
[    2.629104] scsi 2:0:1:0: Direct-Access     VBOX     HARDDISK         1.0  PQ: 0 ANSI: 5
[    2.980220] scsi target2:0:1: Beginning Domain Validation
[    2.983268] random: fast init done
[    2.984746] scsi target2:0:1: Domain Validation skipping write tests
[    2.986512] scsi target2:0:1: Ending Domain Validation
[    2.988261] scsi target2:0:1: asynchronous
[    2.995155] sd 2:0:0:0: Attached scsi generic sg0 type 0
[    2.995274] random: systemd-udevd: uninitialized urandom read (16 bytes read)
[    2.997227] sd 2:0:1:0: Attached scsi generic sg1 type 0
[    3.000464] sd 2:0:0:0: [sda] 83886080 512-byte logical blocks: (42.9 GB/40.0 GiB)
[    3.004839] sd 2:0:0:0: [sda] Write Protect is off
[    3.006642] sd 2:0:1:0: [sdb] 20480 512-byte logical blocks: (10.5 MB/10.0 MiB)
[    3.009146] sd 2:0:1:0: [sdb] Write Protect is off
[    3.011444] random: systemd-udevd: uninitialized urandom read (16 bytes read)
[    3.012349] sd 2:0:0:0: [sda] Incomplete mode parameter data
[    3.014493] random: systemd-udevd: uninitialized urandom read (16 bytes read)
[    3.017248] sd 2:0:0:0: [sda] Assuming drive cache: write through
[    3.020931] sd 2:0:1:0: [sdb] Incomplete mode parameter data
[    3.025627] sd 2:0:1:0: [sdb] Assuming drive cache: write through
[    3.030566]  sda: sda1
[    3.033794] sd 2:0:1:0: [sdb] Attached SCSI disk
[    3.037936] sd 2:0:0:0: [sda] Attached SCSI disk
[    3.058268] e1000 0000:00:03.0 eth0: (PCI:33MHz:32-bit) 02:5a:5a:5b:d3:71
[    3.062384] e1000 0000:00:03.0 eth0: Intel(R) PRO/1000 Network Connection
[    3.935296] e1000 0000:00:08.0 eth1: (PCI:33MHz:32-bit) 08:00:27:a4:dc:6a
[    3.938420] e1000 0000:00:08.0 eth1: Intel(R) PRO/1000 Network Connection
[    3.943193] e1000 0000:00:08.0 enp0s8: renamed from eth1
[    3.972789] e1000 0000:00:03.0 enp0s3: renamed from eth0
Begin: Loading essential drivers ... [    5.516110] raid6: sse2x1   gen()  9857 MB/s
[    5.564144] raid6: sse2x1   xor()  5766 MB/s
[    5.612114] raid6: sse2x2   gen() 12562 MB/s
[    5.660318] raid6: sse2x2   xor()  8101 MB/s
[    5.708117] raid6: sse2x4   gen() 12843 MB/s
[    5.756110] raid6: sse2x4   xor()  7310 MB/s
[    5.804118] raid6: avx2x1   gen() 18478 MB/s
[    5.852135] raid6: avx2x1   xor() 11219 MB/s
[    5.900526] raid6: avx2x2   gen() 22828 MB/s
[    5.948126] raid6: avx2x2   xor() 15489 MB/s
[    5.996122] raid6: avx2x4   gen() 22630 MB/s
[    6.044553] raid6: avx2x4   xor() 14136 MB/s
[    6.046288] raid6: using algorithm avx2x2 gen() 22828 MB/s
[    6.048334] raid6: .... xor() 15489 MB/s, rmw enabled
[    6.050128] raid6: using avx2x2 recovery algorithm
[    6.053185] xor: automatically using best checksumming function   avx       
[    6.058013] async_tx: api initialized (async)
done.
Begin: Running /scripts/init-premount ... done.
Begin: Mounting root file system ... Begin: Running /scripts/local-top ... done.
Begin: Running /scripts/local-premount ... [    6.132826] Btrfs loaded, crc32c=crc32c-intel
Scanning for Btrfs filesystems
done.
Warning: fsck not present, so skipping root file system
[    6.169970] EXT4-fs (sda1): mounted filesystem with ordered data mode. Opts: (null)
done.
Begin: Running /scripts/local-bottom ... done.
Begin: Running /scripts/init-bottom ... done.
[    6.379606] ip_tables: (C) 2000-2006 Netfilter Core Team
[    6.394457] systemd[1]: systemd 237 running in system mode. (+PAM +AUDIT +SELINUX +IMA +APPARMOR +SMACK +SYSVINIT +UTMP +LIBCRYPTSETUP +GCRYPT +GNUTLS +ACL +XZ +LZ4 +SECCOMP +BLKID +ELFUTILS +KMOD -IDN2 +IDN -PCRE2 default-hierarchy=hybrid)
[    6.401226] systemd[1]: Detected virtualization oracle.
[    6.403044] systemd[1]: Detected architecture x86-64.

Welcome to [1mUbuntu 18.04.6 LTS[0m!

[    6.413397] systemd[1]: Set hostname to <ubuntu>.
[    6.419593] systemd[1]: Initializing machine ID from random generator.
[    6.422303] systemd[1]: Installed transient /etc/machine-id file.
[    6.706048] systemd[1]: Reached target User and Group Name Lookups.
[[0;32m  OK  [0m] Reached target User and Group Name Lookups.
[    6.710870] systemd[1]: Created slice User and Session Slice.
[[0;32m  OK  [0m] Created slice User and Session Slice.
[    6.713670] systemd[1]: Started Forward Password Requests to Wall Directory Watch.
[[0;32m  OK  [0m] Started Forward Password Requests to Wall Directory Watch.
[    6.717323] systemd[1]: Reached target System Time Synchronized.
[[0;32m  OK  [0m] Reached target System Time Synchronized.
[[0;32m  OK  [0m] Set up automount Arbitrary Executab…rmats File System Automount Point.
[[0;32m  OK  [0m] Created slice System Slice.
[[0;32m  OK  [0m] Listening on udev Kernel Socket.
[[0;32m  OK  [0m] Listening on /dev/initctl Compatibility Named Pipe.
[[0;32m  OK  [0m] Reached target Slices.
[[0;32m  OK  [0m] Listening on LVM2 poll daemon socket.
[[0;32m  OK  [0m] Listening on udev Control Socket.
[[0;32m  OK  [0m] Listening on Journal Socket.
         Mounting Huge Pages File System...
         Starting Set the console keyboard layout...
[[0;32m  OK  [0m] Listening on Network Service Netlink Socket.
[[0;32m  OK  [0m] Listening on Device-mapper event daemon FIFOs.
[[0;32m  OK  [0m] Listening on LVM2 metadata daemon socket.
         Starting Monitoring of LVM2 mirrors…ng dmeventd or progress polling...
         Mounting Kernel Debug File System...
[[0;32m  OK  [0m] Listening on Journal Socket (/dev/log).
[[0;32m  OK  [0m] Listening on Syslog Socket.
         Starting udev Coldplug all Devices...
         Starting Create list of required st…ce nodes for the current kernel...
         Mounting POSIX Message Queue File System...
[[0;32m  OK  [0m] Reached target Swap.
         Starting Uncomplicated firewall...
[[0;32m  OK  [0m] Listening on fsck to fsckd communication Socket.
         Starting File System Check on Root Device...
         Starting Load Kernel Modules...
[[0;32m  OK  [0m] Listening on Journal Audit Socket.
         Starting Journal Service...
[[0;32m  OK  [0m] Created slice system-serial\x2dgetty.slice.
[[0;32m  OK  [0m] Mounted Huge Pages File System.
[[0;32m  OK  [0m] Mounted Kernel Debug File System.
[[0;32m  OK  [0m] Started Create list of required sta…vice nodes for the current kernel.
[[0;32m  OK  [0m] Mounted POSIX Message Queue File System.
[[0;32m  OK  [0m] Started Uncomplicated firewall.
[[0;32m  OK  [0m] Started LVM2 metadata daemon.
[[0;32m  OK  [0m] Started File System Check Daemon to report status.
         Starting Create Static Device Nodes in /dev...
[[0;32m  OK  [0m] Started File System Check on Root Device.
[[0;32m  OK  [0m] Started udev Coldplug all Devices.
[    6.918615] Loading iSCSI transport class v2.0-870.
[[0;32m  OK  [0m] Started Journal Service.
         Starting Remount Root and Kernel File Systems...
[[0;32m  OK  [0m] Started Create Static Device Nodes in /dev.
[[0;32m  OK  [0m] Started Monitoring of LVM2 mirrors,…sing dmeventd or progress polling.
[    6.970168] iscsi: registered transport (tcp)
[    6.990923] iscsi: registered transport (iser)
[[0;32m  OK  [0m] Started Load Kernel Modules.
         Starting Apply Kernel Variables...
         Mounting Kernel Configuration File System...
[    7.002057] EXT4-fs (sda1): re-mounted. Opts: (null)
         Mounting FUSE Control File System...
[[0;32m  OK  [0m] Started Remount Root and Kernel File Systems.
[[0;32m  OK  [0m] Mounted Kernel Configuration File System.
[[0;32m  OK  [0m] Started Apply Kernel Variables.
[[0;32m  OK  [0m] Mounted FUSE Control File System.
         Starting Flush Journal to Persistent Storage...
         Starting Load/Save Random Seed...
         Starting udev Kernel Device Manager...
[[0;32m  OK  [0m] Started Load/Save Random Seed.
[[0;32m  OK  [0m] Started Flush Journal to Persistent Storage.
[[0;32m  OK  [0m] Started udev Kernel Device Manager.
[[0;32m  OK  [0m] Found device /dev/ttyS0.
[[0;32m  OK  [0m] Listening on Load/Save RF Kill Switch Status /dev/rfkill Watch.
[[0;32m  OK  [0m] Started Set the console keyboard layout.
[[0;32m  OK  [0m] Reached target Local File Systems (Pre).
[[0;32m  OK  [0m] Reached target Local File Systems.
         Starting AppArmor initialization...
         Starting Tell Plymouth To Write Out Runtime Data...
         Starting Commit a transient machine-id on disk...
         Starting Set console font and keymap...
         Starting Create Volatile Files and Directories...
         Starting ebtables ruleset management...
[[0;32m  OK  [0m] Started Dispatch Password Requests to Console Directory Watch.
[[0;32m  OK  [0m] Reached target Local Encrypted Volumes.
[[0;32m  OK  [0m] Started Tell Plymouth To Write Out Runtime Data.
[[0;32m  OK  [0m] Started Set console font and keymap.
[[0;32m  OK  [0m] Started Create Volatile Files and Directories.
         Starting Update UTMP about System Boot/Shutdown...
[[0;32m  OK  [0m] Started Update UTMP about System Boot/Shutdown.
[[0;32m  OK  [0m] Started Commit a transient machine-id on disk.
[[0;32m  OK  [0m] Started ebtables ruleset management.
[[0;32m  OK  [0m] Started AppArmor initialization.
         Starting Load AppArmor profiles managed internally by snapd...
         Starting Initial cloud-init job (pre-networking)...
[[0;32m  OK  [0m] Started Load AppArmor profiles managed internally by snapd.
[   10.111464] cloud-init[696]: Cloud-init v. 22.2-0ubuntu1~18.04.3 running 'init-local' at Sun, 27 Nov 2022 15:11:56 +0000. Up 9.55 seconds.
[[0;32m  OK  [0m] Started Initial cloud-init job (pre-networking).
[[0;32m  OK  [0m] Reached target Network (Pre).
         Starting Network Service...
[[0;32m  OK  [0m] Started Network Service.
         Starting Network Name Resolution...
         Starting Wait for Network to be Configured...
[[0;32m  OK  [0m] Started Network Name Resolution.
[[0;32m  OK  [0m] Reached target Network.
[[0;32m  OK  [0m] Reached target Host and Network Name Lookups.
[[0;32m  OK  [0m] Started Wait for Network to be Configured.
         Starting Initial cloud-init job (metadata service crawler)...
[   13.550426] cloud-init[797]: Cloud-init v. 22.2-0ubuntu1~18.04.3 running 'init' at Sun, 27 Nov 2022 15:11:59 +0000. Up 12.97 seconds.
[   13.568509] cloud-init[797]: ci-info: ++++++++++++++++++++++++++++++++++++++Net device info+++++++++++++++++++++++++++++++++++++++
[   13.572884] cloud-init[797]: ci-info: +--------+-------+----------------------------+---------------+--------+-------------------+
[   13.577923] cloud-init[797]: ci-info: | Device |   Up  |          Address           |      Mask     | Scope  |     Hw-Address    |
[   13.582729] cloud-init[797]: ci-info: +--------+-------+----------------------------+---------------+--------+-------------------+
[   13.601146] cloud-init[797]: ci-info: | enp0s3 |  True |         10.0.2.15          | 255.255.255.0 | global | 02:5a:5a:5b:d3:71 |
[   13.617244] cloud-init[797]: ci-info: | enp0s3 |  True | fe80::5a:5aff:fe5b:d371/64 |       .       |  link  | 02:5a:5a:5b:d3:71 |
[   13.624476] cloud-init[797]: ci-info: | enp0s8 | False |             .              |       .       |   .    | 08:00:27:a4:dc:6a |
[   13.636537] cloud-init[797]: ci-info: |   lo   |  True |         127.0.0.1          |   255.0.0.0   |  host  |         .         |
[   13.641115] cloud-init[797]: ci-info: |   lo   |  True |          ::1/128           |       .       |  host  |         .         |
[   13.644531] cloud-init[797]: ci-info: +--------+-------+----------------------------+---------------+--------+-------------------+
[   13.648338] cloud-init[797]: ci-info: ++++++++++++++++++++++++++++Route IPv4 info+++++++++++++++++++++++++++++
[   13.654420] cloud-init[797]: ci-info: +-------+-------------+----------+-----------------+-----------+-------+
[   13.669453] cloud-init[797]: ci-info: | Route | Destination | Gateway  |     Genmask     | Interface | Flags |
[   13.673757] cloud-init[797]: ci-info: +-------+-------------+----------+-----------------+-----------+-------+
[   13.688673] cloud-init[797]: ci-info: |   0   |   0.0.0.0   | 10.0.2.2 |     0.0.0.0     |   enp0s3  |   UG  |
[   13.692645] cloud-init[797]: ci-info: |   1   |   10.0.2.0  | 0.0.0.0  |  255.255.255.0  |   enp0s3  |   U   |
[   13.696438] cloud-init[797]: ci-info: |   2   |   10.0.2.2  | 0.0.0.0  | 255.255.255.255 |   enp0s3  |   UH  |
[   13.708807] cloud-init[797]: ci-info: +-------+-------------+----------+-----------------+-----------+-------+
[   13.712433] cloud-init[797]: ci-info: +++++++++++++++++++Route IPv6 info+++++++++++++++++++
[   13.724506] cloud-init[797]: ci-info: +-------+-------------+---------+-----------+-------+
[   13.727817] cloud-init[797]: ci-info: | Route | Destination | Gateway | Interface | Flags |
[   13.731213] cloud-init[797]: ci-info: +-------+-------------+---------+-----------+-------+
[   13.738884] cloud-init[797]: ci-info: |   1   |  fe80::/64  |    ::   |   enp0s3  |   U   |
[   13.742231] cloud-init[797]: ci-info: |   3   |    local    |    ::   |   enp0s3  |   U   |
[   13.753401] cloud-init[797]: ci-info: |   4   |   ff00::/8  |    ::   |   enp0s3  |   U   |
[   13.764320] cloud-init[797]: ci-info: +-------+-------------+---------+-----------+-------+
[   15.478035] cloud-init[797]: Generating public/private rsa key pair.
[   15.479874] cloud-init[797]: Your identification has been saved in /etc/ssh/ssh_host_rsa_key.
[   15.481823] cloud-init[797]: Your public key has been saved in /etc/ssh/ssh_host_rsa_key.pub.
[   15.483861] cloud-init[797]: The key fingerprint is:
[   15.492330] cloud-init[797]: SHA256:hjzWouGopr9YT+pgVme6E0cf70G7StnDuDo0Ep4xgUI root@ubuntu-bionic
[   15.494067] cloud-init[797]: The key's randomart image is:
[   15.495490] cloud-init[797]: +---[RSA 2048]----+
[   15.504358] cloud-init[797]: |.E.              |
[   15.505372] cloud-init[797]: |.. .             |
[   15.506185] cloud-init[797]: |.   .            |
[   15.507127] cloud-init[797]: |   + o + .       |
[   15.507902] cloud-init[797]: |  ..BoB S .      |
[   15.508939] cloud-init[797]: |  .B+B ==+       |
[   15.510148] cloud-init[797]: |.oo.O .+.+o      |
[   15.511575] cloud-init[797]: |o* =... .o.      |
[   15.512823] cloud-init[797]: |*o=oo.oo.        |
[   15.513932] cloud-init[797]: +----[SHA256]-----+
[   15.515427] cloud-init[797]: Generating public/private dsa key pair.
[   15.517047] cloud-init[797]: Your identification has been saved in /etc/ssh/ssh_host_dsa_key.
[   15.519734] cloud-init[797]: Your public key has been saved in /etc/ssh/ssh_host_dsa_key.pub.
[   15.522000] cloud-init[797]: The key fingerprint is:
[   15.523621] cloud-init[797]: SHA256:AYA4co9/xvNDiMz9ekaCN6oXciq7yDJ8qUKN6dnuzPY root@ubuntu-bionic
[   15.525518] cloud-init[797]: The key's randomart image is:
[   15.536353] cloud-init[797]: +---[DSA 1024]----+
[   15.537875] cloud-init[797]: | . ....          |
[   15.539280] cloud-init[797]: |+ o    .         |
[   15.540820] cloud-init[797]: |.o o    .        |
[   15.542158] cloud-init[797]: |  . .    .       |
[   15.543789] cloud-init[797]: |  ++ = .S        |
[   15.552563] cloud-init[797]: | +..O @ o        |
[   15.554119] cloud-init[797]: |+ o+.* O         |
[   15.555098] cloud-init[797]: |B++=o   *        |
[   15.556160] cloud-init[797]: |*BBB.E.+ .       |
[   15.557529] cloud-init[797]: +----[SHA256]-----+
[   15.558968] cloud-init[797]: Generating public/private ecdsa key pair.
[   15.560402] cloud-init[797]: Your identification has been saved in /etc/ssh/ssh_host_ecdsa_key.
[   15.562671] cloud-init[797]: Your public key has been saved in /etc/ssh/ssh_host_ecdsa_key.pub.
[   15.565075] cloud-init[797]: The key fingerprint is:
[   15.566294] cloud-init[797]: SHA256:wpattvyx2fN84xF3JLhN3WGEPs1z5o94CiqA81suyBU root@ubuntu-bionic
[   15.568840] cloud-init[797]: The key's randomart image is:
[   15.570302] cloud-init[797]: +---[ECDSA 256]---+
[   15.571590] cloud-init[797]: |              o+ |
[   15.573340] cloud-init[797]: |             o..o|
[   15.575287] cloud-init[797]: |            o = +|
[   15.576766] cloud-init[797]: |    E. o     * *o|
[   15.578030] cloud-init[797]: |   . .= S   . +o=|
[   15.579092] cloud-init[797]: |  o o. o       oo|
[   15.580194] cloud-init[797]: | . = .+ . .  ....|
[   15.581503] cloud-init[797]: |  o o=.. *.o. =..|
[   15.582553] cloud-init[797]: |    .o+o= .o+=.. |
[   15.583561] cloud-init[797]: +----[SHA256]-----+
[   15.584701] cloud-init[797]: Generating public/private ed25519 key pair.
[   15.586087] cloud-init[797]: Your identification has been saved in /etc/ssh/ssh_host_ed25519_key.
[   15.587907] cloud-init[797]: Your public key has been saved in /etc/ssh/ssh_host_ed25519_key.pub.
[   15.590125] cloud-init[797]: The key fingerprint is:
[   15.591256] cloud-init[797]: SHA256:uaUoz64qxQgAYZAXZ6AJKGSxCyjR7tYt/hscaRQ0muA root@ubuntu-bionic
[   15.593193] cloud-init[797]: The key's randomart image is:
[   15.594358] cloud-init[797]: +--[ED25519 256]--+
[   15.595360] cloud-init[797]: |@O=oo.+          |
[   15.608344] cloud-init[797]: |X=++ o o         |
[   15.624390] cloud-init[797]: |O+E o .          |
[[0;32m  OK  [0m] Started Initial cloud-init job (metadata service crawler).
[   15.625691] cloud-init[797]: |+ o  . . .       |
[[0;32m  OK  [0m] Reached target System Initialization.
[   15.644624] cloud-init[797]: |.= . .+ S .      |
[[0;32m  OK  [0m[   15.647030] cloud-init[797]: |. = oo.o +       |
[   15.647324] cloud-init[797]: | o ...+ o        |
[   15.649398] cloud-init[797]: |.   .+ .         |
[   15.650311] cloud-init[797]: | ....+*.         |
[   15.652133] cloud-init[797]: +----[SHA256]-----+
] Started Daily Cleanup of Temporary Directories.
[[0;32m  OK  [0m] Started Ubuntu Advantage Timer for running repeated jobs.
[[0;32m  OK  [0m] Listening on D-Bus System Message Bus Socket.
[[0;32m  OK  [0m] Listening on UUID daemon activation socket.
[[0;32m  OK  [0m] Started Daily apt download activities.
[[0;32m  OK  [0m] Started Daily apt upgrade and clean activities.
[[0;32m  OK  [0m] Started ACPI Events Check.
[[0;32m  OK  [0m] Reached target Paths.
         Starting Socket activation for snappy daemon.
[[0;32m  OK  [0m] Started Message of the Day.
[[0;32m  OK  [0m] Listening on ACPID Listen Socket.
[[0;32m  OK  [0m] Started Discard unused blocks once a week.
[[0;32m  OK  [0m] Reached target Timers.
         Starting LXD - unix socket.
[[0;32m  OK  [0m] Listening on cloud-init hotplug hook socket.
[[0;32m  OK  [0m] Listening on Open-iSCSI iscsid Socket.
[[0;32m  OK  [0m] Reached target Network is Online.
         Starting Availability of block devices...
[[0;32m  OK  [0m] Reached target Remote File Systems (Pre).
[[0;32m  OK  [0m] Reached target Remote File Systems.
[[0;32m  OK  [0m] Reached target Cloud-config availability.
[[0;32m  OK  [0m] Listening on Socket activation for snappy daemon.
[[0;32m  OK  [0m] Listening on LXD - unix socket.
[[0;32m  OK  [0m] Started Availability of block devices.
[[0;32m  OK  [0m] Reached target Sockets.
[[0;32m  OK  [0m] Reached target Basic System.
[[0;32m  OK  [0m] Started Regular background program processing daemon.
[[0;32m  OK  [0m] Started D-Bus System Message Bus.
         Starting LXD - container startup/shutdown...
         Starting Virtualbox guest utils...
         Starting System Logging Service...
         Starting Snap Daemon...
         Starting Dispatcher daemon for systemd-networkd...
         Starting LSB: automatic crash report generation...
         Starting Login Service...
[[0;32m  OK  [0m] Started Deferred execution scheduler.
[[0;32m  OK  [0m] Started FUSE filesystem for LXC.
         Starting LSB: Record successful boot for GRUB...
         Starting Accounts Service...
         Starting Permit User Sessions...
[[0;32m  OK  [0m] Started irqbalance daemon.
         Starting Pollinate to seed the pseudo random number generator...
[[0;32m  OK  [0m] Started System Logging Service.
[[0;32m  OK  [0m] Started LXD - container startup/shutdown.
[[0;32m  OK  [0m] Started Permit User Sessions.
         Starting Hold until boot process finishes up...
         Starting Terminate Plymouth Boot Screen...
[[0;32m  OK  [0m] Started Hold until boot process finishes up.
[[0;32m  OK  [0m] Started Terminate Plymouth Boot Screen.
[[0;32m  OK  [0m] Started Login Service.
         Starting Authorization Manager...
[[0;32m  OK  [0m] Started Unattended Upgrades Shutdown.
         Starting Set console scheme...
[[0;32m  OK  [0m] Started Serial Getty on ttyS0.
[[0;32m  OK  [0m] Started LSB: automatic crash report generation.
[[0;32m  OK  [0m] Started LSB: Record successful boot for GRUB.
[[0;32m  OK  [0m] Started Set console scheme.
[[0;32m  OK  [0m] Created slice system-getty.slice.
[[0;32m  OK  [0m] Started Getty on tty1.
[[0;32m  OK  [0m] Reached target Login Prompts.
[[0;32m  OK  [0m] Started Authorization Manager.
[[0;32m  OK  [0m] Started Accounts Service.
[[0;32m  OK  [0m] Started Virtualbox guest utils.
[[0;32m  OK  [0m] Started Dispatcher daemon for systemd-networkd.
[[0;32m  OK  [0m] Started Snap Daemon.
         Starting Wait until snapd is fully seeded...
         Starting Time & Date Service...
[[0;32m  OK  [0m] Started Time & Date Service.
[[0;32m  OK  [0m] Started Pollinate to seed the pseudo random number generator.
         Starting OpenBSD Secure Shell server...
[[0;32m  OK  [0m] Started OpenBSD Secure Shell server.
[[0;32m  OK  [0m] Created slice User Slice of vagrant.
         Starting User Manager for UID 1000...
[[0;32m  OK  [0m] Started Session 1 of user vagrant.
[[0;32m  OK  [0m] Started User Manager for UID 1000.
         Stopping User Manager for UID 1000...
[[0;32m  OK  [0m] Stopped User Manager for UID 1000.
[[0;32m  OK  [0m] Removed slice User Slice of vagrant.

Ubuntu 18.04.6 LTS ubuntu-bionic ttyS0

ubuntu-bionic login: [   27.539077] cloud-init[1920]: Cloud-init v. 22.2-0ubuntu1~18.04.3 running 'modules:config' at Sun, 27 Nov 2022 15:12:12 +0000. Up 26.38 seconds.
ci-info: no authorized SSH keys fingerprints found for user ubuntu.
<14>Nov 27 15:12:15 cloud-init: #############################################################
<14>Nov 27 15:12:15 cloud-init: -----BEGIN SSH HOST KEY FINGERPRINTS-----
<14>Nov 27 15:12:15 cloud-init: 1024 SHA256:AYA4co9/xvNDiMz9ekaCN6oXciq7yDJ8qUKN6dnuzPY root@ubuntu-bionic (DSA)
<14>Nov 27 15:12:15 cloud-init: 256 SHA256:wpattvyx2fN84xF3JLhN3WGEPs1z5o94CiqA81suyBU root@ubuntu-bionic (ECDSA)
<14>Nov 27 15:12:15 cloud-init: 256 SHA256:uaUoz64qxQgAYZAXZ6AJKGSxCyjR7tYt/hscaRQ0muA root@ubuntu-bionic (ED25519)
<14>Nov 27 15:12:15 cloud-init: 2048 SHA256:hjzWouGopr9YT+pgVme6E0cf70G7StnDuDo0Ep4xgUI root@ubuntu-bionic (RSA)
<14>Nov 27 15:12:15 cloud-init: -----END SSH HOST KEY FINGERPRINTS-----
<14>Nov 27 15:12:15 cloud-init: #############################################################
-----BEGIN SSH HOST KEY KEYS-----
ecdsa-sha2-nistp256 AAAAE2VjZHNhLXNoYTItbmlzdHAyNTYAAAAIbmlzdHAyNTYAAABBBMpAV7JpK9uKuJ6f2aFkmbpjc9SmZU+DhSiMTlQo8XcBQwf2UN7jaCJ5OO5fQmjjIICCu1knQ06fvezdxCXGCwg= root@ubuntu-bionic
ssh-ed25519 AAAAC3NzaC1lZDI1NTE5AAAAIM4n8YPg395mjbWfy9gxiBkkSNhQZWJZsPhQ2leIcyUV root@ubuntu-bionic
ssh-rsa AAAAB3NzaC1yc2EAAAADAQABAAABAQDe9qL1eC/3IsfCZwvKM/25vG3zk4v1ZLz4WND0d68pA/3tYHi1lEqORn//tNH6lNpuYhdm3efbEKHrs6edmCW2f3WKV+OuxY7CyHoCz6EdhINE/2vEj4ikI9laCGc+8XtqnKDzcCtRB+3tnzUAQbWRgvKgdp2SXSErahp1IqD2e9Xo1FgR3qEzYhKfk/wF8yOEnm7UabOPv8HIHkepjGUIGr5OeAC2ara6gSRyP03DdnvaRkhOiNSliJ9lajTaoI8Irqlajn0v0yxNdBXZYFEGh8m6qgECZN56JvHRt7rkCSmuEZ34+rF6fjfzDjMMdqgNcBD+Yj1B/fXaCOnJiCQL root@ubuntu-bionic
-----END SSH HOST KEY KEYS-----
[   28.655175] cloud-init[2110]: Cloud-init v. 22.2-0ubuntu1~18.04.3 running 'modules:final' at Sun, 27 Nov 2022 15:12:14 +0000. Up 28.33 seconds.
[   28.657256] cloud-init[2110]: Cloud-init v. 22.2-0ubuntu1~18.04.3 finished at Sun, 27 Nov 2022 15:12:15 +0000. Datasource DataSourceNoCloud [seed=/dev/sdb][dsmode=net].  Up 28.63 seconds
